{"/Users/jamescarpino/Desktop/Lambda School Work/Back End Build Week/Back-end/knexfile.js": {"path":"/Users/jamescarpino/Desktop/Lambda School Work/Back End Build Week/Back-end/knexfile.js","statementMap":{"0":{"start":{"line":2,"column":21},"end":{"line":2,"column":51}},"1":{"start":{"line":3,"column":0},"end":{"line":3,"column":27}},"2":{"start":{"line":6,"column":0},"end":{"line":84,"column":2}},"3":{"start":{"line":22,"column":8},"end":{"line":22,"column":51}}},"fnMap":{"0":{"name":"(anonymous_0)","decl":{"start":{"line":21,"column":19},"end":{"line":21,"column":20}},"loc":{"start":{"line":21,"column":34},"end":{"line":23,"column":7}},"line":21}},"branchMap":{"0":{"loc":{"start":{"line":2,"column":21},"end":{"line":2,"column":51}},"type":"binary-expr","locations":[{"start":{"line":2,"column":21},"end":{"line":2,"column":45}},{"start":{"line":2,"column":49},"end":{"line":2,"column":51}}],"line":2}},"s":{"0":5,"1":5,"2":5,"3":0},"f":{"0":0},"b":{"0":[5,5]},"_coverageSchema":"1a1c01bbd47fc00a2c39e90264f33305004495a9","hash":"8129ebdb33e93411a69d5515e9973f7a36f3fad9"}
,"/Users/jamescarpino/Desktop/Lambda School Work/Back End Build Week/Back-end/ailments/ailments-model.js": {"path":"/Users/jamescarpino/Desktop/Lambda School Work/Back End Build Week/Back-end/ailments/ailments-model.js","statementMap":{"0":{"start":{"line":1,"column":11},"end":{"line":1,"column":42}},"1":{"start":{"line":4,"column":0},"end":{"line":10,"column":1}},"2":{"start":{"line":12,"column":4},"end":{"line":12,"column":112}},"3":{"start":{"line":16,"column":4},"end":{"line":19,"column":6}},"4":{"start":{"line":18,"column":8},"end":{"line":18,"column":29}},"5":{"start":{"line":24,"column":4},"end":{"line":24,"column":37}},"6":{"start":{"line":28,"column":4},"end":{"line":29,"column":32}},"7":{"start":{"line":33,"column":4},"end":{"line":35,"column":10}}},"fnMap":{"0":{"name":"find","decl":{"start":{"line":11,"column":9},"end":{"line":11,"column":13}},"loc":{"start":{"line":11,"column":15},"end":{"line":13,"column":1}},"line":11},"1":{"name":"add","decl":{"start":{"line":15,"column":9},"end":{"line":15,"column":12}},"loc":{"start":{"line":15,"column":21},"end":{"line":20,"column":1}},"line":15},"2":{"name":"(anonymous_2)","decl":{"start":{"line":17,"column":10},"end":{"line":17,"column":11}},"loc":{"start":{"line":17,"column":16},"end":{"line":19,"column":5}},"line":17},"3":{"name":"findBy","decl":{"start":{"line":22,"column":9},"end":{"line":22,"column":15}},"loc":{"start":{"line":22,"column":19},"end":{"line":25,"column":1}},"line":22},"4":{"name":"updateAilment","decl":{"start":{"line":27,"column":9},"end":{"line":27,"column":22}},"loc":{"start":{"line":27,"column":35},"end":{"line":30,"column":1}},"line":27},"5":{"name":"deleteAilment","decl":{"start":{"line":32,"column":9},"end":{"line":32,"column":22}},"loc":{"start":{"line":32,"column":26},"end":{"line":36,"column":1}},"line":32}},"branchMap":{},"s":{"0":5,"1":5,"2":1,"3":4,"4":4,"5":6,"6":1,"7":1},"f":{"0":1,"1":4,"2":4,"3":6,"4":1,"5":1},"b":{},"_coverageSchema":"1a1c01bbd47fc00a2c39e90264f33305004495a9","hash":"e791d784fea279c9f1fe8b44fbb0970c65dab2fc"}
,"/Users/jamescarpino/Desktop/Lambda School Work/Back End Build Week/Back-end/ailments/ailments-router.js": {"path":"/Users/jamescarpino/Desktop/Lambda School Work/Back End Build Week/Back-end/ailments/ailments-router.js","statementMap":{"0":{"start":{"line":1,"column":15},"end":{"line":1,"column":42}},"1":{"start":{"line":2,"column":14},"end":{"line":2,"column":45}},"2":{"start":{"line":3,"column":17},"end":{"line":3,"column":44}},"3":{"start":{"line":4,"column":19},"end":{"line":4,"column":54}},"4":{"start":{"line":7,"column":0},"end":{"line":7,"column":22}},"5":{"start":{"line":9,"column":0},"end":{"line":14,"column":2}},"6":{"start":{"line":10,"column":4},"end":{"line":13,"column":6}},"7":{"start":{"line":12,"column":8},"end":{"line":12,"column":25}},"8":{"start":{"line":16,"column":0},"end":{"line":29,"column":2}},"9":{"start":{"line":17,"column":17},"end":{"line":17,"column":27}},"10":{"start":{"line":18,"column":4},"end":{"line":27,"column":10}},"11":{"start":{"line":20,"column":12},"end":{"line":24,"column":13}},"12":{"start":{"line":21,"column":16},"end":{"line":21,"column":33}},"13":{"start":{"line":23,"column":16},"end":{"line":23,"column":92}},"14":{"start":{"line":26,"column":12},"end":{"line":26,"column":32}},"15":{"start":{"line":26,"column":21},"end":{"line":26,"column":32}},"16":{"start":{"line":31,"column":0},"end":{"line":39,"column":2}},"17":{"start":{"line":32,"column":24},"end":{"line":32,"column":32}},"18":{"start":{"line":33,"column":4},"end":{"line":38,"column":6}},"19":{"start":{"line":35,"column":8},"end":{"line":35,"column":48}},"20":{"start":{"line":37,"column":8},"end":{"line":37,"column":28}},"21":{"start":{"line":37,"column":17},"end":{"line":37,"column":28}},"22":{"start":{"line":41,"column":0},"end":{"line":58,"column":2}},"23":{"start":{"line":42,"column":17},"end":{"line":42,"column":27}},"24":{"start":{"line":43,"column":20},"end":{"line":43,"column":28}},"25":{"start":{"line":45,"column":4},"end":{"line":57,"column":6}},"26":{"start":{"line":47,"column":8},"end":{"line":54,"column":9}},"27":{"start":{"line":48,"column":12},"end":{"line":51,"column":18}},"28":{"start":{"line":50,"column":20},"end":{"line":50,"column":44}},"29":{"start":{"line":53,"column":12},"end":{"line":53,"column":78}},"30":{"start":{"line":56,"column":8},"end":{"line":56,"column":52}},"31":{"start":{"line":60,"column":0},"end":{"line":73,"column":2}},"32":{"start":{"line":61,"column":4},"end":{"line":72,"column":10}},"33":{"start":{"line":63,"column":12},"end":{"line":69,"column":13}},"34":{"start":{"line":64,"column":16},"end":{"line":64,"column":56}},"35":{"start":{"line":66,"column":16},"end":{"line":68,"column":18}},"36":{"start":{"line":71,"column":12},"end":{"line":71,"column":45}},"37":{"start":{"line":83,"column":0},"end":{"line":83,"column":24}}},"fnMap":{"0":{"name":"(anonymous_0)","decl":{"start":{"line":9,"column":16},"end":{"line":9,"column":17}},"loc":{"start":{"line":9,"column":27},"end":{"line":14,"column":1}},"line":9},"1":{"name":"(anonymous_1)","decl":{"start":{"line":11,"column":10},"end":{"line":11,"column":11}},"loc":{"start":{"line":11,"column":20},"end":{"line":13,"column":5}},"line":11},"2":{"name":"(anonymous_2)","decl":{"start":{"line":16,"column":19},"end":{"line":16,"column":20}},"loc":{"start":{"line":16,"column":31},"end":{"line":29,"column":1}},"line":16},"3":{"name":"(anonymous_3)","decl":{"start":{"line":19,"column":14},"end":{"line":19,"column":15}},"loc":{"start":{"line":19,"column":24},"end":{"line":25,"column":9}},"line":19},"4":{"name":"(anonymous_4)","decl":{"start":{"line":25,"column":17},"end":{"line":25,"column":18}},"loc":{"start":{"line":25,"column":23},"end":{"line":27,"column":9}},"line":25},"5":{"name":"(anonymous_5)","decl":{"start":{"line":31,"column":17},"end":{"line":31,"column":18}},"loc":{"start":{"line":31,"column":28},"end":{"line":39,"column":1}},"line":31},"6":{"name":"(anonymous_6)","decl":{"start":{"line":34,"column":10},"end":{"line":34,"column":11}},"loc":{"start":{"line":34,"column":20},"end":{"line":36,"column":5}},"line":34},"7":{"name":"(anonymous_7)","decl":{"start":{"line":36,"column":13},"end":{"line":36,"column":14}},"loc":{"start":{"line":36,"column":19},"end":{"line":38,"column":5}},"line":36},"8":{"name":"(anonymous_8)","decl":{"start":{"line":41,"column":19},"end":{"line":41,"column":20}},"loc":{"start":{"line":41,"column":31},"end":{"line":58,"column":1}},"line":41},"9":{"name":"(anonymous_9)","decl":{"start":{"line":46,"column":10},"end":{"line":46,"column":11}},"loc":{"start":{"line":46,"column":20},"end":{"line":55,"column":5}},"line":46},"10":{"name":"(anonymous_10)","decl":{"start":{"line":49,"column":22},"end":{"line":49,"column":23}},"loc":{"start":{"line":49,"column":39},"end":{"line":51,"column":17}},"line":49},"11":{"name":"(anonymous_11)","decl":{"start":{"line":55,"column":13},"end":{"line":55,"column":14}},"loc":{"start":{"line":55,"column":19},"end":{"line":57,"column":5}},"line":55},"12":{"name":"(anonymous_12)","decl":{"start":{"line":60,"column":21},"end":{"line":60,"column":22}},"loc":{"start":{"line":60,"column":33},"end":{"line":73,"column":1}},"line":60},"13":{"name":"(anonymous_13)","decl":{"start":{"line":62,"column":14},"end":{"line":62,"column":15}},"loc":{"start":{"line":62,"column":24},"end":{"line":70,"column":9}},"line":62},"14":{"name":"(anonymous_14)","decl":{"start":{"line":70,"column":17},"end":{"line":70,"column":18}},"loc":{"start":{"line":70,"column":23},"end":{"line":72,"column":9}},"line":70}},"branchMap":{"0":{"loc":{"start":{"line":20,"column":12},"end":{"line":24,"column":13}},"type":"if","locations":[{"start":{"line":20,"column":12},"end":{"line":24,"column":13}},{"start":{"line":20,"column":12},"end":{"line":24,"column":13}}],"line":20},"1":{"loc":{"start":{"line":47,"column":8},"end":{"line":54,"column":9}},"type":"if","locations":[{"start":{"line":47,"column":8},"end":{"line":54,"column":9}},{"start":{"line":47,"column":8},"end":{"line":54,"column":9}}],"line":47},"2":{"loc":{"start":{"line":63,"column":12},"end":{"line":69,"column":13}},"type":"if","locations":[{"start":{"line":63,"column":12},"end":{"line":69,"column":13}},{"start":{"line":63,"column":12},"end":{"line":69,"column":13}}],"line":63}},"s":{"0":5,"1":5,"2":5,"3":5,"4":5,"5":5,"6":1,"7":1,"8":5,"9":1,"10":1,"11":1,"12":1,"13":0,"14":0,"15":0,"16":5,"17":4,"18":4,"19":4,"20":0,"21":0,"22":5,"23":1,"24":1,"25":1,"26":1,"27":1,"28":1,"29":0,"30":0,"31":5,"32":1,"33":1,"34":1,"35":0,"36":0,"37":5},"f":{"0":1,"1":1,"2":1,"3":1,"4":0,"5":4,"6":4,"7":0,"8":1,"9":1,"10":1,"11":0,"12":1,"13":1,"14":0},"b":{"0":[1,0],"1":[1,0],"2":[1,0]},"_coverageSchema":"1a1c01bbd47fc00a2c39e90264f33305004495a9","hash":"8fec00d48c3bb1db7373ec4f61fb433d49887790"}
,"/Users/jamescarpino/Desktop/Lambda School Work/Back End Build Week/Back-end/api/server.js": {"path":"/Users/jamescarpino/Desktop/Lambda School Work/Back End Build Week/Back-end/api/server.js","statementMap":{"0":{"start":{"line":1,"column":16},"end":{"line":1,"column":34}},"1":{"start":{"line":2,"column":15},"end":{"line":2,"column":32}},"2":{"start":{"line":3,"column":13},"end":{"line":3,"column":28}},"3":{"start":{"line":4,"column":19},"end":{"line":4,"column":51}},"4":{"start":{"line":5,"column":19},"end":{"line":5,"column":49}},"5":{"start":{"line":6,"column":22},"end":{"line":6,"column":60}},"6":{"start":{"line":7,"column":22},"end":{"line":7,"column":58}},"7":{"start":{"line":8,"column":19},"end":{"line":8,"column":60}},"8":{"start":{"line":11,"column":15},"end":{"line":11,"column":24}},"9":{"start":{"line":13,"column":0},"end":{"line":13,"column":20}},"10":{"start":{"line":14,"column":0},"end":{"line":14,"column":26}},"11":{"start":{"line":15,"column":0},"end":{"line":15,"column":19}},"12":{"start":{"line":17,"column":0},"end":{"line":17,"column":35}},"13":{"start":{"line":18,"column":0},"end":{"line":18,"column":37}},"14":{"start":{"line":19,"column":0},"end":{"line":19,"column":43}},"15":{"start":{"line":20,"column":0},"end":{"line":20,"column":42}},"16":{"start":{"line":21,"column":0},"end":{"line":21,"column":47}},"17":{"start":{"line":25,"column":0},"end":{"line":27,"column":3}},"18":{"start":{"line":26,"column":2},"end":{"line":26,"column":50}},"19":{"start":{"line":29,"column":0},"end":{"line":31,"column":2}},"20":{"start":{"line":30,"column":2},"end":{"line":30,"column":78}},"21":{"start":{"line":34,"column":0},"end":{"line":34,"column":24}}},"fnMap":{"0":{"name":"(anonymous_0)","decl":{"start":{"line":25,"column":16},"end":{"line":25,"column":17}},"loc":{"start":{"line":25,"column":30},"end":{"line":27,"column":1}},"line":25},"1":{"name":"(anonymous_1)","decl":{"start":{"line":29,"column":19},"end":{"line":29,"column":20}},"loc":{"start":{"line":29,"column":31},"end":{"line":31,"column":1}},"line":29}},"branchMap":{},"s":{"0":5,"1":5,"2":5,"3":5,"4":5,"5":5,"6":5,"7":5,"8":5,"9":5,"10":5,"11":5,"12":5,"13":5,"14":5,"15":5,"16":5,"17":5,"18":2,"19":5,"20":2,"21":5},"f":{"0":2,"1":2},"b":{},"_coverageSchema":"1a1c01bbd47fc00a2c39e90264f33305004495a9","hash":"5daa72fb03eb0c8dd6dfd8f5b26d06032dd192c2"}
,"/Users/jamescarpino/Desktop/Lambda School Work/Back End Build Week/Back-end/auth/auth-router.js": {"path":"/Users/jamescarpino/Desktop/Lambda School Work/Back End Build Week/Back-end/auth/auth-router.js","statementMap":{"0":{"start":{"line":1,"column":15},"end":{"line":1,"column":42}},"1":{"start":{"line":2,"column":17},"end":{"line":2,"column":36}},"2":{"start":{"line":3,"column":12},"end":{"line":3,"column":35}},"3":{"start":{"line":4,"column":14},"end":{"line":4,"column":45}},"4":{"start":{"line":5,"column":18},"end":{"line":5,"column":51}},"5":{"start":{"line":9,"column":0},"end":{"line":30,"column":3}},"6":{"start":{"line":11,"column":22},"end":{"line":11,"column":30}},"7":{"start":{"line":12,"column":2},"end":{"line":28,"column":3}},"8":{"start":{"line":14,"column":17},"end":{"line":14,"column":60}},"9":{"start":{"line":16,"column":4},"end":{"line":16,"column":32}},"10":{"start":{"line":18,"column":4},"end":{"line":25,"column":8}},"11":{"start":{"line":20,"column":8},"end":{"line":20,"column":94}},"12":{"start":{"line":24,"column":8},"end":{"line":24,"column":52}},"13":{"start":{"line":27,"column":4},"end":{"line":27,"column":75}},"14":{"start":{"line":32,"column":0},"end":{"line":56,"column":3}},"15":{"start":{"line":34,"column":31},"end":{"line":34,"column":39}},"16":{"start":{"line":37,"column":4},"end":{"line":52,"column":6}},"17":{"start":{"line":42,"column":6},"end":{"line":48,"column":7}},"18":{"start":{"line":43,"column":22},"end":{"line":43,"column":41}},"19":{"start":{"line":44,"column":8},"end":{"line":44,"column":103}},"20":{"start":{"line":47,"column":8},"end":{"line":47,"column":63}},"21":{"start":{"line":50,"column":6},"end":{"line":50,"column":36}},"22":{"start":{"line":51,"column":6},"end":{"line":51,"column":50}},"23":{"start":{"line":59,"column":17},"end":{"line":63,"column":3}},"24":{"start":{"line":64,"column":17},"end":{"line":64,"column":61}},"25":{"start":{"line":66,"column":17},"end":{"line":68,"column":3}},"26":{"start":{"line":69,"column":2},"end":{"line":69,"column":44}},"27":{"start":{"line":72,"column":0},"end":{"line":72,"column":24}}},"fnMap":{"0":{"name":"(anonymous_0)","decl":{"start":{"line":9,"column":25},"end":{"line":9,"column":26}},"loc":{"start":{"line":9,"column":39},"end":{"line":30,"column":1}},"line":9},"1":{"name":"(anonymous_1)","decl":{"start":{"line":19,"column":12},"end":{"line":19,"column":13}},"loc":{"start":{"line":19,"column":19},"end":{"line":22,"column":7}},"line":19},"2":{"name":"(anonymous_2)","decl":{"start":{"line":23,"column":13},"end":{"line":23,"column":14}},"loc":{"start":{"line":23,"column":19},"end":{"line":25,"column":7}},"line":23},"3":{"name":"(anonymous_3)","decl":{"start":{"line":32,"column":22},"end":{"line":32,"column":23}},"loc":{"start":{"line":32,"column":36},"end":{"line":56,"column":1}},"line":32},"4":{"name":"(anonymous_4)","decl":{"start":{"line":39,"column":10},"end":{"line":39,"column":11}},"loc":{"start":{"line":39,"column":21},"end":{"line":49,"column":5}},"line":39},"5":{"name":"(anonymous_5)","decl":{"start":{"line":49,"column":13},"end":{"line":49,"column":14}},"loc":{"start":{"line":49,"column":19},"end":{"line":52,"column":5}},"line":49},"6":{"name":"generateToken","decl":{"start":{"line":58,"column":9},"end":{"line":58,"column":22}},"loc":{"start":{"line":58,"column":28},"end":{"line":70,"column":1}},"line":58}},"branchMap":{"0":{"loc":{"start":{"line":12,"column":2},"end":{"line":28,"column":3}},"type":"if","locations":[{"start":{"line":12,"column":2},"end":{"line":28,"column":3}},{"start":{"line":12,"column":2},"end":{"line":28,"column":3}}],"line":12},"1":{"loc":{"start":{"line":42,"column":6},"end":{"line":48,"column":7}},"type":"if","locations":[{"start":{"line":42,"column":6},"end":{"line":48,"column":7}},{"start":{"line":42,"column":6},"end":{"line":48,"column":7}}],"line":42},"2":{"loc":{"start":{"line":42,"column":9},"end":{"line":42,"column":62}},"type":"binary-expr","locations":[{"start":{"line":42,"column":9},"end":{"line":42,"column":13}},{"start":{"line":42,"column":17},"end":{"line":42,"column":62}}],"line":42},"3":{"loc":{"start":{"line":64,"column":17},"end":{"line":64,"column":61}},"type":"binary-expr","locations":[{"start":{"line":64,"column":17},"end":{"line":64,"column":39}},{"start":{"line":64,"column":43},"end":{"line":64,"column":61}}],"line":64}},"s":{"0":5,"1":5,"2":5,"3":5,"4":5,"5":5,"6":17,"7":17,"8":17,"9":17,"10":17,"11":17,"12":0,"13":0,"14":5,"15":16,"16":16,"17":16,"18":16,"19":16,"20":0,"21":0,"22":0,"23":16,"24":16,"25":16,"26":16,"27":5},"f":{"0":17,"1":17,"2":0,"3":16,"4":16,"5":0,"6":16},"b":{"0":[17,0],"1":[16,0],"2":[16,16],"3":[16,16]},"_coverageSchema":"1a1c01bbd47fc00a2c39e90264f33305004495a9","hash":"38c5786f219431fd616004e2515b4dd17a33a294"}
,"/Users/jamescarpino/Desktop/Lambda School Work/Back End Build Week/Back-end/database/dbConfig.js": {"path":"/Users/jamescarpino/Desktop/Lambda School Work/Back End Build Week/Back-end/database/dbConfig.js","statementMap":{"0":{"start":{"line":1,"column":13},"end":{"line":1,"column":28}},"1":{"start":{"line":2,"column":15},"end":{"line":2,"column":40}},"2":{"start":{"line":4,"column":20},"end":{"line":4,"column":55}},"3":{"start":{"line":6,"column":0},"end":{"line":6,"column":43}}},"fnMap":{},"branchMap":{"0":{"loc":{"start":{"line":4,"column":20},"end":{"line":4,"column":55}},"type":"binary-expr","locations":[{"start":{"line":4,"column":20},"end":{"line":4,"column":38}},{"start":{"line":4,"column":42},"end":{"line":4,"column":55}}],"line":4}},"s":{"0":5,"1":5,"2":5,"3":5},"f":{},"b":{"0":[5,0]},"_coverageSchema":"1a1c01bbd47fc00a2c39e90264f33305004495a9","hash":"58f231a098e3dfb1f56cbe42a710d88646448c15"}
,"/Users/jamescarpino/Desktop/Lambda School Work/Back End Build Week/Back-end/database/migrations/20200523134934_medcabinet.js": {"path":"/Users/jamescarpino/Desktop/Lambda School Work/Back End Build Week/Back-end/database/migrations/20200523134934_medcabinet.js","statementMap":{"0":{"start":{"line":2,"column":0},"end":{"line":66,"column":2}},"1":{"start":{"line":3,"column":3},"end":{"line":63,"column":6}},"2":{"start":{"line":5,"column":8},"end":{"line":5,"column":24}},"3":{"start":{"line":6,"column":8},"end":{"line":8,"column":21}},"4":{"start":{"line":9,"column":8},"end":{"line":10,"column":26}},"5":{"start":{"line":11,"column":8},"end":{"line":11,"column":30}},"6":{"start":{"line":12,"column":8},"end":{"line":12,"column":33}},"7":{"start":{"line":13,"column":8},"end":{"line":13,"column":30}},"8":{"start":{"line":19,"column":8},"end":{"line":19,"column":24}},"9":{"start":{"line":20,"column":8},"end":{"line":20,"column":53}},"10":{"start":{"line":21,"column":8},"end":{"line":21,"column":52}},"11":{"start":{"line":22,"column":8},"end":{"line":28,"column":32}},"12":{"start":{"line":31,"column":8},"end":{"line":31,"column":24}},"13":{"start":{"line":32,"column":8},"end":{"line":32,"column":51}},"14":{"start":{"line":33,"column":8},"end":{"line":33,"column":40}},"15":{"start":{"line":34,"column":8},"end":{"line":34,"column":52}},"16":{"start":{"line":35,"column":8},"end":{"line":35,"column":34}},"17":{"start":{"line":36,"column":8},"end":{"line":36,"column":29}},"18":{"start":{"line":37,"column":8},"end":{"line":37,"column":33}},"19":{"start":{"line":41,"column":8},"end":{"line":41,"column":24}},"20":{"start":{"line":42,"column":8},"end":{"line":48,"column":32}},"21":{"start":{"line":49,"column":8},"end":{"line":55,"column":32}},"22":{"start":{"line":56,"column":8},"end":{"line":62,"column":32}},"23":{"start":{"line":68,"column":0},"end":{"line":74,"column":2}},"24":{"start":{"line":69,"column":2},"end":{"line":73,"column":29}}},"fnMap":{"0":{"name":"(anonymous_0)","decl":{"start":{"line":2,"column":13},"end":{"line":2,"column":14}},"loc":{"start":{"line":2,"column":28},"end":{"line":66,"column":1}},"line":2},"1":{"name":"(anonymous_1)","decl":{"start":{"line":4,"column":26},"end":{"line":4,"column":27}},"loc":{"start":{"line":4,"column":32},"end":{"line":17,"column":5}},"line":4},"2":{"name":"(anonymous_2)","decl":{"start":{"line":18,"column":29},"end":{"line":18,"column":30}},"loc":{"start":{"line":18,"column":35},"end":{"line":29,"column":5}},"line":18},"3":{"name":"(anonymous_3)","decl":{"start":{"line":30,"column":28},"end":{"line":30,"column":29}},"loc":{"start":{"line":30,"column":34},"end":{"line":38,"column":5}},"line":30},"4":{"name":"(anonymous_4)","decl":{"start":{"line":40,"column":36},"end":{"line":40,"column":37}},"loc":{"start":{"line":40,"column":42},"end":{"line":63,"column":5}},"line":40},"5":{"name":"(anonymous_5)","decl":{"start":{"line":68,"column":15},"end":{"line":68,"column":16}},"loc":{"start":{"line":68,"column":30},"end":{"line":74,"column":1}},"line":68}},"branchMap":{},"s":{"0":4,"1":17,"2":17,"3":17,"4":17,"5":17,"6":17,"7":17,"8":17,"9":17,"10":17,"11":17,"12":17,"13":17,"14":17,"15":17,"16":17,"17":17,"18":17,"19":17,"20":17,"21":17,"22":17,"23":4,"24":13},"f":{"0":17,"1":17,"2":17,"3":17,"4":17,"5":13},"b":{},"_coverageSchema":"1a1c01bbd47fc00a2c39e90264f33305004495a9","hash":"6bff479c440d66de0dc30ef83e93e592cf7d48d4"}
,"/Users/jamescarpino/Desktop/Lambda School Work/Back End Build Week/Back-end/database/seeds/001-strains.js": {"path":"/Users/jamescarpino/Desktop/Lambda School Work/Back End Build Week/Back-end/database/seeds/001-strains.js","statementMap":{"0":{"start":{"line":2,"column":0},"end":{"line":19,"column":2}},"1":{"start":{"line":4,"column":2},"end":{"line":18,"column":7}},"2":{"start":{"line":7,"column":6},"end":{"line":17,"column":9}}},"fnMap":{"0":{"name":"(anonymous_0)","decl":{"start":{"line":2,"column":15},"end":{"line":2,"column":16}},"loc":{"start":{"line":2,"column":30},"end":{"line":19,"column":1}},"line":2},"1":{"name":"(anonymous_1)","decl":{"start":{"line":5,"column":10},"end":{"line":5,"column":11}},"loc":{"start":{"line":5,"column":22},"end":{"line":18,"column":5}},"line":5}},"branchMap":{},"s":{"0":4,"1":17,"2":17},"f":{"0":17,"1":17},"b":{},"_coverageSchema":"1a1c01bbd47fc00a2c39e90264f33305004495a9","hash":"fd208c2b1e34043152c27a94d92ed9df721ed694"}
,"/Users/jamescarpino/Desktop/Lambda School Work/Back End Build Week/Back-end/strains/strains-model.js": {"path":"/Users/jamescarpino/Desktop/Lambda School Work/Back End Build Week/Back-end/strains/strains-model.js","statementMap":{"0":{"start":{"line":1,"column":11},"end":{"line":1,"column":42}},"1":{"start":{"line":3,"column":0},"end":{"line":9,"column":1}},"2":{"start":{"line":15,"column":4},"end":{"line":21,"column":30}},"3":{"start":{"line":26,"column":4},"end":{"line":27,"column":16}},"4":{"start":{"line":32,"column":4},"end":{"line":35,"column":6}},"5":{"start":{"line":34,"column":8},"end":{"line":34,"column":37}},"6":{"start":{"line":39,"column":4},"end":{"line":41,"column":10}}},"fnMap":{"0":{"name":"getStrains","decl":{"start":{"line":14,"column":9},"end":{"line":14,"column":19}},"loc":{"start":{"line":14,"column":21},"end":{"line":23,"column":1}},"line":14},"1":{"name":"getStrainsById","decl":{"start":{"line":25,"column":9},"end":{"line":25,"column":23}},"loc":{"start":{"line":25,"column":27},"end":{"line":29,"column":1}},"line":25},"2":{"name":"addStrain","decl":{"start":{"line":31,"column":9},"end":{"line":31,"column":18}},"loc":{"start":{"line":31,"column":29},"end":{"line":36,"column":1}},"line":31},"3":{"name":"(anonymous_3)","decl":{"start":{"line":33,"column":10},"end":{"line":33,"column":11}},"loc":{"start":{"line":33,"column":16},"end":{"line":35,"column":5}},"line":33},"4":{"name":"deleteStrain","decl":{"start":{"line":38,"column":9},"end":{"line":38,"column":21}},"loc":{"start":{"line":38,"column":25},"end":{"line":43,"column":1}},"line":38}},"branchMap":{},"s":{"0":5,"1":5,"2":1,"3":3,"4":2,"5":2,"6":1},"f":{"0":1,"1":3,"2":2,"3":2,"4":1},"b":{},"_coverageSchema":"1a1c01bbd47fc00a2c39e90264f33305004495a9","hash":"e7768ef48b5e62a7a5d9cd23d8bc3f0f1882931a"}
,"/Users/jamescarpino/Desktop/Lambda School Work/Back End Build Week/Back-end/strains/strains-router.js": {"path":"/Users/jamescarpino/Desktop/Lambda School Work/Back End Build Week/Back-end/strains/strains-router.js","statementMap":{"0":{"start":{"line":1,"column":15},"end":{"line":1,"column":42}},"1":{"start":{"line":2,"column":16},"end":{"line":2,"column":42}},"2":{"start":{"line":3,"column":19},"end":{"line":3,"column":54}},"3":{"start":{"line":16,"column":0},"end":{"line":24,"column":2}},"4":{"start":{"line":17,"column":4},"end":{"line":23,"column":10}},"5":{"start":{"line":19,"column":12},"end":{"line":22,"column":42}},"6":{"start":{"line":20,"column":16},"end":{"line":20,"column":91}},"7":{"start":{"line":22,"column":12},"end":{"line":22,"column":41}},"8":{"start":{"line":26,"column":0},"end":{"line":38,"column":2}},"9":{"start":{"line":27,"column":4},"end":{"line":37,"column":6}},"10":{"start":{"line":29,"column":8},"end":{"line":34,"column":9}},"11":{"start":{"line":30,"column":12},"end":{"line":30,"column":41}},"12":{"start":{"line":33,"column":12},"end":{"line":33,"column":126}},"13":{"start":{"line":36,"column":8},"end":{"line":36,"column":52}},"14":{"start":{"line":40,"column":0},"end":{"line":50,"column":2}},"15":{"start":{"line":41,"column":23},"end":{"line":41,"column":31}},"16":{"start":{"line":42,"column":4},"end":{"line":48,"column":2}},"17":{"start":{"line":44,"column":12},"end":{"line":44,"column":50}},"18":{"start":{"line":46,"column":12},"end":{"line":46,"column":48}},"19":{"start":{"line":52,"column":0},"end":{"line":63,"column":2}},"20":{"start":{"line":53,"column":4},"end":{"line":62,"column":6}},"21":{"start":{"line":55,"column":8},"end":{"line":59,"column":9}},"22":{"start":{"line":56,"column":12},"end":{"line":56,"column":52}},"23":{"start":{"line":58,"column":12},"end":{"line":58,"column":74}},"24":{"start":{"line":61,"column":8},"end":{"line":61,"column":40}},"25":{"start":{"line":65,"column":0},"end":{"line":65,"column":24}}},"fnMap":{"0":{"name":"(anonymous_0)","decl":{"start":{"line":16,"column":16},"end":{"line":16,"column":17}},"loc":{"start":{"line":16,"column":27},"end":{"line":24,"column":1}},"line":16},"1":{"name":"(anonymous_1)","decl":{"start":{"line":18,"column":14},"end":{"line":18,"column":15}},"loc":{"start":{"line":18,"column":24},"end":{"line":23,"column":9}},"line":18},"2":{"name":"(anonymous_2)","decl":{"start":{"line":26,"column":19},"end":{"line":26,"column":20}},"loc":{"start":{"line":26,"column":31},"end":{"line":38,"column":1}},"line":26},"3":{"name":"(anonymous_3)","decl":{"start":{"line":28,"column":10},"end":{"line":28,"column":11}},"loc":{"start":{"line":28,"column":20},"end":{"line":35,"column":5}},"line":28},"4":{"name":"(anonymous_4)","decl":{"start":{"line":35,"column":13},"end":{"line":35,"column":14}},"loc":{"start":{"line":35,"column":19},"end":{"line":37,"column":5}},"line":35},"5":{"name":"(anonymous_5)","decl":{"start":{"line":40,"column":29},"end":{"line":40,"column":30}},"loc":{"start":{"line":40,"column":40},"end":{"line":50,"column":1}},"line":40},"6":{"name":"(anonymous_6)","decl":{"start":{"line":43,"column":14},"end":{"line":43,"column":15}},"loc":{"start":{"line":43,"column":24},"end":{"line":45,"column":9}},"line":43},"7":{"name":"(anonymous_7)","decl":{"start":{"line":45,"column":18},"end":{"line":45,"column":19}},"loc":{"start":{"line":45,"column":24},"end":{"line":48,"column":1}},"line":45},"8":{"name":"(anonymous_8)","decl":{"start":{"line":52,"column":34},"end":{"line":52,"column":35}},"loc":{"start":{"line":52,"column":46},"end":{"line":63,"column":1}},"line":52},"9":{"name":"(anonymous_9)","decl":{"start":{"line":54,"column":10},"end":{"line":54,"column":11}},"loc":{"start":{"line":54,"column":20},"end":{"line":60,"column":5}},"line":54},"10":{"name":"(anonymous_10)","decl":{"start":{"line":60,"column":13},"end":{"line":60,"column":14}},"loc":{"start":{"line":60,"column":19},"end":{"line":62,"column":5}},"line":60}},"branchMap":{"0":{"loc":{"start":{"line":19,"column":12},"end":{"line":22,"column":42}},"type":"if","locations":[{"start":{"line":19,"column":12},"end":{"line":22,"column":42}},{"start":{"line":19,"column":12},"end":{"line":22,"column":42}}],"line":19},"1":{"loc":{"start":{"line":29,"column":8},"end":{"line":34,"column":9}},"type":"if","locations":[{"start":{"line":29,"column":8},"end":{"line":34,"column":9}},{"start":{"line":29,"column":8},"end":{"line":34,"column":9}}],"line":29},"2":{"loc":{"start":{"line":55,"column":8},"end":{"line":59,"column":9}},"type":"if","locations":[{"start":{"line":55,"column":8},"end":{"line":59,"column":9}},{"start":{"line":55,"column":8},"end":{"line":59,"column":9}}],"line":55}},"s":{"0":5,"1":5,"2":5,"3":5,"4":1,"5":1,"6":1,"7":0,"8":5,"9":1,"10":1,"11":1,"12":0,"13":0,"14":5,"15":2,"16":2,"17":2,"18":0,"19":5,"20":1,"21":1,"22":1,"23":0,"24":0,"25":5},"f":{"0":1,"1":1,"2":1,"3":1,"4":0,"5":2,"6":2,"7":0,"8":1,"9":1,"10":0},"b":{"0":[1,0],"1":[1,0],"2":[1,0]},"_coverageSchema":"1a1c01bbd47fc00a2c39e90264f33305004495a9","hash":"3de1e40d38527472542238efd097ba7c5d9a9fa1"}
,"/Users/jamescarpino/Desktop/Lambda School Work/Back End Build Week/Back-end/users/users-model.js": {"path":"/Users/jamescarpino/Desktop/Lambda School Work/Back End Build Week/Back-end/users/users-model.js","statementMap":{"0":{"start":{"line":1,"column":11},"end":{"line":1,"column":42}},"1":{"start":{"line":3,"column":0},"end":{"line":14,"column":1}},"2":{"start":{"line":17,"column":4},"end":{"line":17,"column":22}},"3":{"start":{"line":21,"column":4},"end":{"line":21,"column":41}},"4":{"start":{"line":28,"column":4},"end":{"line":28,"column":34}},"5":{"start":{"line":33,"column":4},"end":{"line":33,"column":36}},"6":{"start":{"line":37,"column":4},"end":{"line":41,"column":25}},"7":{"start":{"line":45,"column":4},"end":{"line":49,"column":10}},"8":{"start":{"line":48,"column":12},"end":{"line":48,"column":43}},"9":{"start":{"line":53,"column":4},"end":{"line":55,"column":18}},"10":{"start":{"line":59,"column":4},"end":{"line":61,"column":10}},"11":{"start":{"line":65,"column":8},"end":{"line":66,"column":44}},"12":{"start":{"line":70,"column":4},"end":{"line":71,"column":32}}},"fnMap":{"0":{"name":"find","decl":{"start":{"line":16,"column":9},"end":{"line":16,"column":13}},"loc":{"start":{"line":16,"column":15},"end":{"line":18,"column":1}},"line":16},"1":{"name":"add","decl":{"start":{"line":20,"column":9},"end":{"line":20,"column":12}},"loc":{"start":{"line":20,"column":18},"end":{"line":25,"column":1}},"line":20},"2":{"name":"findUserId","decl":{"start":{"line":27,"column":9},"end":{"line":27,"column":19}},"loc":{"start":{"line":27,"column":23},"end":{"line":29,"column":1}},"line":27},"3":{"name":"findBy","decl":{"start":{"line":31,"column":9},"end":{"line":31,"column":15}},"loc":{"start":{"line":31,"column":23},"end":{"line":34,"column":1}},"line":31},"4":{"name":"getUsersAilments","decl":{"start":{"line":36,"column":9},"end":{"line":36,"column":25}},"loc":{"start":{"line":36,"column":34},"end":{"line":42,"column":1}},"line":36},"5":{"name":"addAilment","decl":{"start":{"line":44,"column":9},"end":{"line":44,"column":19}},"loc":{"start":{"line":44,"column":29},"end":{"line":50,"column":1}},"line":44},"6":{"name":"(anonymous_6)","decl":{"start":{"line":47,"column":14},"end":{"line":47,"column":15}},"loc":{"start":{"line":47,"column":20},"end":{"line":49,"column":9}},"line":47},"7":{"name":"deleteUsersAilment","decl":{"start":{"line":52,"column":9},"end":{"line":52,"column":27}},"loc":{"start":{"line":52,"column":31},"end":{"line":56,"column":1}},"line":52},"8":{"name":"deleteUser","decl":{"start":{"line":58,"column":9},"end":{"line":58,"column":19}},"loc":{"start":{"line":58,"column":23},"end":{"line":62,"column":1}},"line":58},"9":{"name":"updateUsersAilment","decl":{"start":{"line":64,"column":9},"end":{"line":64,"column":27}},"loc":{"start":{"line":64,"column":40},"end":{"line":67,"column":1}},"line":64},"10":{"name":"updateUser","decl":{"start":{"line":69,"column":9},"end":{"line":69,"column":19}},"loc":{"start":{"line":69,"column":32},"end":{"line":72,"column":1}},"line":69}},"branchMap":{},"s":{"0":5,"1":5,"2":1,"3":17,"4":1,"5":16,"6":2,"7":1,"8":1,"9":1,"10":1,"11":0,"12":0},"f":{"0":1,"1":17,"2":1,"3":16,"4":2,"5":1,"6":1,"7":1,"8":1,"9":0,"10":0},"b":{},"_coverageSchema":"1a1c01bbd47fc00a2c39e90264f33305004495a9","hash":"5dfce9a9e8220879e8392e6f936095f5b414900e"}
,"/Users/jamescarpino/Desktop/Lambda School Work/Back End Build Week/Back-end/users/users-router.js": {"path":"/Users/jamescarpino/Desktop/Lambda School Work/Back End Build Week/Back-end/users/users-router.js","statementMap":{"0":{"start":{"line":1,"column":15},"end":{"line":1,"column":42}},"1":{"start":{"line":3,"column":14},"end":{"line":3,"column":38}},"2":{"start":{"line":4,"column":19},"end":{"line":4,"column":54}},"3":{"start":{"line":6,"column":0},"end":{"line":6,"column":22}},"4":{"start":{"line":8,"column":0},"end":{"line":16,"column":2}},"5":{"start":{"line":9,"column":4},"end":{"line":15,"column":10}},"6":{"start":{"line":11,"column":12},"end":{"line":11,"column":55}},"7":{"start":{"line":14,"column":12},"end":{"line":14,"column":66}},"8":{"start":{"line":18,"column":0},"end":{"line":29,"column":2}},"9":{"start":{"line":19,"column":4},"end":{"line":28,"column":6}},"10":{"start":{"line":21,"column":8},"end":{"line":25,"column":9}},"11":{"start":{"line":22,"column":12},"end":{"line":22,"column":39}},"12":{"start":{"line":24,"column":12},"end":{"line":24,"column":84}},"13":{"start":{"line":27,"column":8},"end":{"line":27,"column":52}},"14":{"start":{"line":31,"column":0},"end":{"line":43,"column":2}},"15":{"start":{"line":32,"column":17},"end":{"line":32,"column":27}},"16":{"start":{"line":33,"column":4},"end":{"line":42,"column":10}},"17":{"start":{"line":35,"column":12},"end":{"line":39,"column":13}},"18":{"start":{"line":36,"column":16},"end":{"line":36,"column":34}},"19":{"start":{"line":38,"column":16},"end":{"line":38,"column":92}},"20":{"start":{"line":41,"column":12},"end":{"line":41,"column":56}},"21":{"start":{"line":45,"column":0},"end":{"line":55,"column":2}},"22":{"start":{"line":47,"column":24},"end":{"line":47,"column":32}},"23":{"start":{"line":48,"column":4},"end":{"line":54,"column":6}},"24":{"start":{"line":50,"column":8},"end":{"line":50,"column":46}},"25":{"start":{"line":53,"column":8},"end":{"line":53,"column":53}},"26":{"start":{"line":57,"column":0},"end":{"line":74,"column":2}},"27":{"start":{"line":58,"column":17},"end":{"line":58,"column":27}},"28":{"start":{"line":59,"column":20},"end":{"line":59,"column":28}},"29":{"start":{"line":61,"column":4},"end":{"line":73,"column":6}},"30":{"start":{"line":63,"column":8},"end":{"line":70,"column":9}},"31":{"start":{"line":64,"column":12},"end":{"line":67,"column":18}},"32":{"start":{"line":66,"column":20},"end":{"line":66,"column":44}},"33":{"start":{"line":69,"column":12},"end":{"line":69,"column":81}},"34":{"start":{"line":72,"column":8},"end":{"line":72,"column":52}},"35":{"start":{"line":76,"column":0},"end":{"line":87,"column":2}},"36":{"start":{"line":77,"column":4},"end":{"line":86,"column":10}},"37":{"start":{"line":79,"column":12},"end":{"line":85,"column":13}},"38":{"start":{"line":80,"column":16},"end":{"line":80,"column":56}},"39":{"start":{"line":82,"column":16},"end":{"line":84,"column":18}},"40":{"start":{"line":89,"column":0},"end":{"line":105,"column":2}},"41":{"start":{"line":90,"column":17},"end":{"line":90,"column":27}},"42":{"start":{"line":91,"column":20},"end":{"line":91,"column":28}},"43":{"start":{"line":92,"column":4},"end":{"line":104,"column":6}},"44":{"start":{"line":94,"column":8},"end":{"line":101,"column":9}},"45":{"start":{"line":95,"column":12},"end":{"line":98,"column":18}},"46":{"start":{"line":97,"column":20},"end":{"line":97,"column":41}},"47":{"start":{"line":100,"column":12},"end":{"line":100,"column":78}},"48":{"start":{"line":103,"column":8},"end":{"line":103,"column":52}},"49":{"start":{"line":107,"column":0},"end":{"line":118,"column":2}},"50":{"start":{"line":108,"column":4},"end":{"line":117,"column":6}},"51":{"start":{"line":110,"column":8},"end":{"line":116,"column":9}},"52":{"start":{"line":111,"column":12},"end":{"line":111,"column":52}},"53":{"start":{"line":113,"column":12},"end":{"line":115,"column":14}},"54":{"start":{"line":120,"column":0},"end":{"line":120,"column":24}}},"fnMap":{"0":{"name":"(anonymous_0)","decl":{"start":{"line":8,"column":16},"end":{"line":8,"column":17}},"loc":{"start":{"line":8,"column":28},"end":{"line":16,"column":1}},"line":8},"1":{"name":"(anonymous_1)","decl":{"start":{"line":10,"column":14},"end":{"line":10,"column":15}},"loc":{"start":{"line":10,"column":22},"end":{"line":12,"column":9}},"line":10},"2":{"name":"(anonymous_2)","decl":{"start":{"line":13,"column":15},"end":{"line":13,"column":16}},"loc":{"start":{"line":13,"column":21},"end":{"line":15,"column":9}},"line":13},"3":{"name":"(anonymous_3)","decl":{"start":{"line":18,"column":19},"end":{"line":18,"column":20}},"loc":{"start":{"line":18,"column":31},"end":{"line":29,"column":1}},"line":18},"4":{"name":"(anonymous_4)","decl":{"start":{"line":20,"column":10},"end":{"line":20,"column":11}},"loc":{"start":{"line":20,"column":18},"end":{"line":26,"column":5}},"line":20},"5":{"name":"(anonymous_5)","decl":{"start":{"line":26,"column":13},"end":{"line":26,"column":14}},"loc":{"start":{"line":26,"column":19},"end":{"line":28,"column":5}},"line":26},"6":{"name":"(anonymous_6)","decl":{"start":{"line":31,"column":27},"end":{"line":31,"column":28}},"loc":{"start":{"line":31,"column":39},"end":{"line":43,"column":1}},"line":31},"7":{"name":"(anonymous_7)","decl":{"start":{"line":34,"column":14},"end":{"line":34,"column":15}},"loc":{"start":{"line":34,"column":25},"end":{"line":40,"column":9}},"line":34},"8":{"name":"(anonymous_8)","decl":{"start":{"line":40,"column":17},"end":{"line":40,"column":18}},"loc":{"start":{"line":40,"column":23},"end":{"line":42,"column":9}},"line":40},"9":{"name":"(anonymous_9)","decl":{"start":{"line":45,"column":29},"end":{"line":45,"column":30}},"loc":{"start":{"line":45,"column":41},"end":{"line":55,"column":1}},"line":45},"10":{"name":"(anonymous_10)","decl":{"start":{"line":49,"column":10},"end":{"line":49,"column":11}},"loc":{"start":{"line":49,"column":20},"end":{"line":51,"column":5}},"line":49},"11":{"name":"(anonymous_11)","decl":{"start":{"line":51,"column":13},"end":{"line":51,"column":14}},"loc":{"start":{"line":51,"column":19},"end":{"line":54,"column":5}},"line":51},"12":{"name":"(anonymous_12)","decl":{"start":{"line":57,"column":28},"end":{"line":57,"column":29}},"loc":{"start":{"line":57,"column":40},"end":{"line":74,"column":1}},"line":57},"13":{"name":"(anonymous_13)","decl":{"start":{"line":62,"column":10},"end":{"line":62,"column":11}},"loc":{"start":{"line":62,"column":20},"end":{"line":71,"column":5}},"line":62},"14":{"name":"(anonymous_14)","decl":{"start":{"line":65,"column":22},"end":{"line":65,"column":23}},"loc":{"start":{"line":65,"column":39},"end":{"line":67,"column":17}},"line":65},"15":{"name":"(anonymous_15)","decl":{"start":{"line":71,"column":13},"end":{"line":71,"column":14}},"loc":{"start":{"line":71,"column":19},"end":{"line":73,"column":5}},"line":71},"16":{"name":"(anonymous_16)","decl":{"start":{"line":76,"column":31},"end":{"line":76,"column":32}},"loc":{"start":{"line":76,"column":44},"end":{"line":87,"column":1}},"line":76},"17":{"name":"(anonymous_17)","decl":{"start":{"line":78,"column":14},"end":{"line":78,"column":15}},"loc":{"start":{"line":78,"column":24},"end":{"line":86,"column":9}},"line":78},"18":{"name":"(anonymous_18)","decl":{"start":{"line":89,"column":19},"end":{"line":89,"column":20}},"loc":{"start":{"line":89,"column":32},"end":{"line":105,"column":1}},"line":89},"19":{"name":"(anonymous_19)","decl":{"start":{"line":93,"column":10},"end":{"line":93,"column":11}},"loc":{"start":{"line":93,"column":20},"end":{"line":102,"column":5}},"line":93},"20":{"name":"(anonymous_20)","decl":{"start":{"line":96,"column":22},"end":{"line":96,"column":23}},"loc":{"start":{"line":96,"column":36},"end":{"line":98,"column":17}},"line":96},"21":{"name":"(anonymous_21)","decl":{"start":{"line":102,"column":13},"end":{"line":102,"column":14}},"loc":{"start":{"line":102,"column":19},"end":{"line":104,"column":5}},"line":102},"22":{"name":"(anonymous_22)","decl":{"start":{"line":107,"column":22},"end":{"line":107,"column":23}},"loc":{"start":{"line":107,"column":34},"end":{"line":118,"column":1}},"line":107},"23":{"name":"(anonymous_23)","decl":{"start":{"line":109,"column":10},"end":{"line":109,"column":11}},"loc":{"start":{"line":109,"column":20},"end":{"line":117,"column":5}},"line":109}},"branchMap":{"0":{"loc":{"start":{"line":21,"column":8},"end":{"line":25,"column":9}},"type":"if","locations":[{"start":{"line":21,"column":8},"end":{"line":25,"column":9}},{"start":{"line":21,"column":8},"end":{"line":25,"column":9}}],"line":21},"1":{"loc":{"start":{"line":35,"column":12},"end":{"line":39,"column":13}},"type":"if","locations":[{"start":{"line":35,"column":12},"end":{"line":39,"column":13}},{"start":{"line":35,"column":12},"end":{"line":39,"column":13}}],"line":35},"2":{"loc":{"start":{"line":63,"column":8},"end":{"line":70,"column":9}},"type":"if","locations":[{"start":{"line":63,"column":8},"end":{"line":70,"column":9}},{"start":{"line":63,"column":8},"end":{"line":70,"column":9}}],"line":63},"3":{"loc":{"start":{"line":79,"column":12},"end":{"line":85,"column":13}},"type":"if","locations":[{"start":{"line":79,"column":12},"end":{"line":85,"column":13}},{"start":{"line":79,"column":12},"end":{"line":85,"column":13}}],"line":79},"4":{"loc":{"start":{"line":94,"column":8},"end":{"line":101,"column":9}},"type":"if","locations":[{"start":{"line":94,"column":8},"end":{"line":101,"column":9}},{"start":{"line":94,"column":8},"end":{"line":101,"column":9}}],"line":94},"5":{"loc":{"start":{"line":110,"column":8},"end":{"line":116,"column":9}},"type":"if","locations":[{"start":{"line":110,"column":8},"end":{"line":116,"column":9}},{"start":{"line":110,"column":8},"end":{"line":116,"column":9}}],"line":110}},"s":{"0":5,"1":5,"2":5,"3":5,"4":5,"5":1,"6":1,"7":0,"8":5,"9":1,"10":1,"11":1,"12":0,"13":0,"14":5,"15":1,"16":1,"17":1,"18":1,"19":0,"20":0,"21":5,"22":1,"23":1,"24":1,"25":0,"26":5,"27":0,"28":0,"29":0,"30":0,"31":0,"32":0,"33":0,"34":0,"35":5,"36":1,"37":1,"38":1,"39":0,"40":5,"41":0,"42":0,"43":0,"44":0,"45":0,"46":0,"47":0,"48":0,"49":5,"50":1,"51":1,"52":1,"53":0,"54":5},"f":{"0":1,"1":1,"2":0,"3":1,"4":1,"5":0,"6":1,"7":1,"8":0,"9":1,"10":1,"11":0,"12":0,"13":0,"14":0,"15":0,"16":1,"17":1,"18":0,"19":0,"20":0,"21":0,"22":1,"23":1},"b":{"0":[1,0],"1":[1,0],"2":[0,0],"3":[1,0],"4":[0,0],"5":[1,0]},"_coverageSchema":"1a1c01bbd47fc00a2c39e90264f33305004495a9","hash":"f09a74ff0c102f26a1ce0ef473c05224990eb881"}
}
