TN:
SF:knexfile.js
FN:21,(anonymous_0)
FNF:1
FNH:0
FNDA:0,(anonymous_0)
DA:2,5
DA:3,5
DA:6,5
DA:22,0
LF:4
LH:3
BRDA:2,0,0,5
BRDA:2,0,1,5
BRF:2
BRH:2
end_of_record
TN:
SF:ailments/ailments-model.js
FN:11,find
FN:15,add
FN:17,(anonymous_2)
FN:22,findBy
FN:27,updateAilment
FN:32,deleteAilment
FNF:6
FNH:6
FNDA:1,find
FNDA:4,add
FNDA:4,(anonymous_2)
FNDA:6,findBy
FNDA:1,updateAilment
FNDA:1,deleteAilment
DA:1,5
DA:4,5
DA:12,1
DA:16,4
DA:18,4
DA:24,6
DA:28,1
DA:33,1
LF:8
LH:8
BRF:0
BRH:0
end_of_record
TN:
SF:ailments/ailments-router.js
FN:9,(anonymous_0)
FN:11,(anonymous_1)
FN:16,(anonymous_2)
FN:19,(anonymous_3)
FN:25,(anonymous_4)
FN:31,(anonymous_5)
FN:34,(anonymous_6)
FN:36,(anonymous_7)
FN:41,(anonymous_8)
FN:46,(anonymous_9)
FN:49,(anonymous_10)
FN:55,(anonymous_11)
FN:60,(anonymous_12)
FN:62,(anonymous_13)
FN:70,(anonymous_14)
FNF:15
FNH:11
FNDA:1,(anonymous_0)
FNDA:1,(anonymous_1)
FNDA:1,(anonymous_2)
FNDA:1,(anonymous_3)
FNDA:0,(anonymous_4)
FNDA:4,(anonymous_5)
FNDA:4,(anonymous_6)
FNDA:0,(anonymous_7)
FNDA:1,(anonymous_8)
FNDA:1,(anonymous_9)
FNDA:1,(anonymous_10)
FNDA:0,(anonymous_11)
FNDA:1,(anonymous_12)
FNDA:1,(anonymous_13)
FNDA:0,(anonymous_14)
DA:1,5
DA:2,5
DA:3,5
DA:4,5
DA:7,5
DA:9,5
DA:10,1
DA:12,1
DA:16,5
DA:17,1
DA:18,1
DA:20,1
DA:21,1
DA:23,0
DA:26,0
DA:31,5
DA:32,4
DA:33,4
DA:35,4
DA:37,0
DA:41,5
DA:42,1
DA:43,1
DA:45,1
DA:47,1
DA:48,1
DA:50,1
DA:53,0
DA:56,0
DA:60,5
DA:61,1
DA:63,1
DA:64,1
DA:66,0
DA:71,0
DA:83,5
LF:36
LH:29
BRDA:20,0,0,1
BRDA:20,0,1,0
BRDA:47,1,0,1
BRDA:47,1,1,0
BRDA:63,2,0,1
BRDA:63,2,1,0
BRF:6
BRH:3
end_of_record
TN:
SF:api/server.js
FN:25,(anonymous_0)
FN:29,(anonymous_1)
FNF:2
FNH:2
FNDA:2,(anonymous_0)
FNDA:2,(anonymous_1)
DA:1,5
DA:2,5
DA:3,5
DA:4,5
DA:5,5
DA:6,5
DA:7,5
DA:8,5
DA:11,5
DA:13,5
DA:14,5
DA:15,5
DA:17,5
DA:18,5
DA:19,5
DA:20,5
DA:21,5
DA:25,5
DA:26,2
DA:29,5
DA:30,2
DA:34,5
LF:22
LH:22
BRF:0
BRH:0
end_of_record
TN:
SF:auth/auth-router.js
FN:9,(anonymous_0)
FN:19,(anonymous_1)
FN:23,(anonymous_2)
FN:32,(anonymous_3)
FN:39,(anonymous_4)
FN:49,(anonymous_5)
FN:58,generateToken
FNF:7
FNH:5
FNDA:17,(anonymous_0)
FNDA:17,(anonymous_1)
FNDA:0,(anonymous_2)
FNDA:16,(anonymous_3)
FNDA:16,(anonymous_4)
FNDA:0,(anonymous_5)
FNDA:16,generateToken
DA:1,5
DA:2,5
DA:3,5
DA:4,5
DA:5,5
DA:9,5
DA:11,17
DA:12,17
DA:14,17
DA:16,17
DA:18,17
DA:20,17
DA:24,0
DA:27,0
DA:32,5
DA:34,16
DA:37,16
DA:42,16
DA:43,16
DA:44,16
DA:47,0
DA:50,0
DA:51,0
DA:59,16
DA:64,16
DA:66,16
DA:69,16
DA:72,5
LF:28
LH:23
BRDA:12,0,0,17
BRDA:12,0,1,0
BRDA:42,1,0,16
BRDA:42,1,1,0
BRDA:42,2,0,16
BRDA:42,2,1,16
BRDA:64,3,0,16
BRDA:64,3,1,16
BRF:8
BRH:6
end_of_record
TN:
SF:database/dbConfig.js
FNF:0
FNH:0
DA:1,5
DA:2,5
DA:4,5
DA:6,5
LF:4
LH:4
BRDA:4,0,0,5
BRDA:4,0,1,0
BRF:2
BRH:1
end_of_record
TN:
SF:database/migrations/20200523134934_medcabinet.js
FN:2,(anonymous_0)
FN:4,(anonymous_1)
FN:18,(anonymous_2)
FN:30,(anonymous_3)
FN:40,(anonymous_4)
FN:68,(anonymous_5)
FNF:6
FNH:6
FNDA:17,(anonymous_0)
FNDA:17,(anonymous_1)
FNDA:17,(anonymous_2)
FNDA:17,(anonymous_3)
FNDA:17,(anonymous_4)
FNDA:13,(anonymous_5)
DA:2,4
DA:3,17
DA:5,17
DA:6,17
DA:9,17
DA:11,17
DA:12,17
DA:13,17
DA:19,17
DA:20,17
DA:21,17
DA:22,17
DA:31,17
DA:32,17
DA:33,17
DA:34,17
DA:35,17
DA:36,17
DA:37,17
DA:41,17
DA:42,17
DA:49,17
DA:56,17
DA:68,4
DA:69,13
LF:25
LH:25
BRF:0
BRH:0
end_of_record
TN:
SF:database/seeds/001-strains.js
FN:2,(anonymous_0)
FN:5,(anonymous_1)
FNF:2
FNH:2
FNDA:17,(anonymous_0)
FNDA:17,(anonymous_1)
DA:2,4
DA:4,17
DA:7,17
LF:3
LH:3
BRF:0
BRH:0
end_of_record
TN:
SF:strains/strains-model.js
FN:14,getStrains
FN:25,getStrainsById
FN:31,addStrain
FN:33,(anonymous_3)
FN:38,deleteStrain
FNF:5
FNH:5
FNDA:1,getStrains
FNDA:3,getStrainsById
FNDA:2,addStrain
FNDA:2,(anonymous_3)
FNDA:1,deleteStrain
DA:1,5
DA:3,5
DA:15,1
DA:26,3
DA:32,2
DA:34,2
DA:39,1
LF:7
LH:7
BRF:0
BRH:0
end_of_record
TN:
SF:strains/strains-router.js
FN:16,(anonymous_0)
FN:18,(anonymous_1)
FN:26,(anonymous_2)
FN:28,(anonymous_3)
FN:35,(anonymous_4)
FN:40,(anonymous_5)
FN:43,(anonymous_6)
FN:45,(anonymous_7)
FN:52,(anonymous_8)
FN:54,(anonymous_9)
FN:60,(anonymous_10)
FNF:11
FNH:8
FNDA:1,(anonymous_0)
FNDA:1,(anonymous_1)
FNDA:1,(anonymous_2)
FNDA:1,(anonymous_3)
FNDA:0,(anonymous_4)
FNDA:2,(anonymous_5)
FNDA:2,(anonymous_6)
FNDA:0,(anonymous_7)
FNDA:1,(anonymous_8)
FNDA:1,(anonymous_9)
FNDA:0,(anonymous_10)
DA:1,5
DA:2,5
DA:3,5
DA:16,5
DA:17,1
DA:19,1
DA:20,1
DA:22,0
DA:26,5
DA:27,1
DA:29,1
DA:30,1
DA:33,0
DA:36,0
DA:40,5
DA:41,2
DA:42,2
DA:44,2
DA:46,0
DA:52,5
DA:53,1
DA:55,1
DA:56,1
DA:58,0
DA:61,0
DA:65,5
LF:26
LH:20
BRDA:19,0,0,1
BRDA:19,0,1,0
BRDA:29,1,0,1
BRDA:29,1,1,0
BRDA:55,2,0,1
BRDA:55,2,1,0
BRF:6
BRH:3
end_of_record
TN:
SF:users/users-model.js
FN:16,find
FN:20,add
FN:27,findUserId
FN:31,findBy
FN:36,getUsersAilments
FN:44,addAilment
FN:47,(anonymous_6)
FN:52,deleteUsersAilment
FN:58,deleteUser
FN:64,updateUsersAilment
FN:69,updateUser
FNF:11
FNH:9
FNDA:1,find
FNDA:17,add
FNDA:1,findUserId
FNDA:16,findBy
FNDA:2,getUsersAilments
FNDA:1,addAilment
FNDA:1,(anonymous_6)
FNDA:1,deleteUsersAilment
FNDA:1,deleteUser
FNDA:0,updateUsersAilment
FNDA:0,updateUser
DA:1,5
DA:3,5
DA:17,1
DA:21,17
DA:28,1
DA:33,16
DA:37,2
DA:45,1
DA:48,1
DA:53,1
DA:59,1
DA:65,0
DA:70,0
LF:13
LH:11
BRF:0
BRH:0
end_of_record
TN:
SF:users/users-router.js
FN:8,(anonymous_0)
FN:10,(anonymous_1)
FN:13,(anonymous_2)
FN:18,(anonymous_3)
FN:20,(anonymous_4)
FN:26,(anonymous_5)
FN:31,(anonymous_6)
FN:34,(anonymous_7)
FN:40,(anonymous_8)
FN:45,(anonymous_9)
FN:49,(anonymous_10)
FN:51,(anonymous_11)
FN:57,(anonymous_12)
FN:62,(anonymous_13)
FN:65,(anonymous_14)
FN:71,(anonymous_15)
FN:76,(anonymous_16)
FN:78,(anonymous_17)
FN:89,(anonymous_18)
FN:93,(anonymous_19)
FN:96,(anonymous_20)
FN:102,(anonymous_21)
FN:107,(anonymous_22)
FN:109,(anonymous_23)
FNF:24
FNH:12
FNDA:1,(anonymous_0)
FNDA:1,(anonymous_1)
FNDA:0,(anonymous_2)
FNDA:1,(anonymous_3)
FNDA:1,(anonymous_4)
FNDA:0,(anonymous_5)
FNDA:1,(anonymous_6)
FNDA:1,(anonymous_7)
FNDA:0,(anonymous_8)
FNDA:1,(anonymous_9)
FNDA:1,(anonymous_10)
FNDA:0,(anonymous_11)
FNDA:0,(anonymous_12)
FNDA:0,(anonymous_13)
FNDA:0,(anonymous_14)
FNDA:0,(anonymous_15)
FNDA:1,(anonymous_16)
FNDA:1,(anonymous_17)
FNDA:0,(anonymous_18)
FNDA:0,(anonymous_19)
FNDA:0,(anonymous_20)
FNDA:0,(anonymous_21)
FNDA:1,(anonymous_22)
FNDA:1,(anonymous_23)
DA:1,5
DA:3,5
DA:4,5
DA:6,5
DA:8,5
DA:9,1
DA:11,1
DA:14,0
DA:18,5
DA:19,1
DA:21,1
DA:22,1
DA:24,0
DA:27,0
DA:31,5
DA:32,1
DA:33,1
DA:35,1
DA:36,1
DA:38,0
DA:41,0
DA:45,5
DA:47,1
DA:48,1
DA:50,1
DA:53,0
DA:57,5
DA:58,0
DA:59,0
DA:61,0
DA:63,0
DA:64,0
DA:66,0
DA:69,0
DA:72,0
DA:76,5
DA:77,1
DA:79,1
DA:80,1
DA:82,0
DA:89,5
DA:90,0
DA:91,0
DA:92,0
DA:94,0
DA:95,0
DA:97,0
DA:100,0
DA:103,0
DA:107,5
DA:108,1
DA:110,1
DA:111,1
DA:113,0
DA:120,5
LF:55
LH:31
BRDA:21,0,0,1
BRDA:21,0,1,0
BRDA:35,1,0,1
BRDA:35,1,1,0
BRDA:63,2,0,0
BRDA:63,2,1,0
BRDA:79,3,0,1
BRDA:79,3,1,0
BRDA:94,4,0,0
BRDA:94,4,1,0
BRDA:110,5,0,1
BRDA:110,5,1,0
BRF:12
BRH:4
end_of_record
